c:\users\jonte\documents\visual studio 2017\projects\3dproject\debug\maingeometryshader.cso
c:\users\jonte\documents\visual studio 2017\projects\3dproject\debug\mainpixelshader.cso
c:\users\jonte\documents\visual studio 2017\projects\3dproject\debug\mainvertexshader.cso
c:\users\jonte\documents\visual studio 2017\projects\3dproject\3dproject\debug\vc141.pdb
c:\users\jonte\documents\visual studio 2017\projects\3dproject\3dproject\debug\vc141.idb
c:\users\jonte\documents\visual studio 2017\projects\3dproject\3dproject\debug\vc140.pdb
c:\users\jonte\documents\visual studio 2017\projects\3dproject\3dproject\debug\vc140.idb
c:\users\jonte\documents\visual studio 2017\projects\3dproject\3dproject\debug\main.obj
c:\users\jonte\documents\visual studio 2017\projects\3dproject\3dproject\debug\directx.obj
c:\users\jonte\documents\visual studio 2017\projects\3dproject\3dproject\debug\camera.obj
c:\users\jonte\documents\visual studio 2017\projects\3dproject\3dproject\debug\objimporter.obj
c:\users\jonte\documents\visual studio 2017\projects\3dproject\3dproject\debug\linker.obj
c:\users\jonte\documents\visual studio 2017\projects\3dproject\3dproject\debug\linker.obj.enc
c:\users\jonte\documents\visual studio 2017\projects\3dproject\debug\3dproject.pdb
c:\users\jonte\documents\visual studio 2017\projects\3dproject\debug\3dproject.exe
c:\users\jonte\documents\visual studio 2017\projects\3dproject\debug\3dproject.ilk
c:\users\jonte\documents\visual studio 2017\projects\3dproject\3dproject\debug\3dproject.tlog\3dproject.write.1u.tlog
c:\users\jonte\documents\visual studio 2017\projects\3dproject\3dproject\debug\3dproject.tlog\cl.command.1.tlog
c:\users\jonte\documents\visual studio 2017\projects\3dproject\3dproject\debug\3dproject.tlog\cl.read.1.tlog
c:\users\jonte\documents\visual studio 2017\projects\3dproject\3dproject\debug\3dproject.tlog\cl.write.1.tlog
c:\users\jonte\documents\visual studio 2017\projects\3dproject\3dproject\debug\3dproject.tlog\fxc.command.1.tlog
c:\users\jonte\documents\visual studio 2017\projects\3dproject\3dproject\debug\3dproject.tlog\fxc.read.1.tlog
c:\users\jonte\documents\visual studio 2017\projects\3dproject\3dproject\debug\3dproject.tlog\fxc.write.1.tlog
c:\users\jonte\documents\visual studio 2017\projects\3dproject\3dproject\debug\3dproject.tlog\link.command.1.tlog
c:\users\jonte\documents\visual studio 2017\projects\3dproject\3dproject\debug\3dproject.tlog\link.read.1.tlog
c:\users\jonte\documents\visual studio 2017\projects\3dproject\3dproject\debug\3dproject.tlog\link.write.1.tlog
