  main.cpp
c:\program files (x86)\windows kits\8.1\include\um\directxmath.h(1714): warning C4838: conversion from 'unsigned int' to 'int32_t' requires a narrowing conversion
c:\program files (x86)\windows kits\8.1\include\um\directxmath.h(1715): warning C4838: conversion from 'unsigned int' to 'int32_t' requires a narrowing conversion
c:\program files (x86)\windows kits\8.1\include\um\directxmath.h(1716): warning C4838: conversion from 'unsigned int' to 'int32_t' requires a narrowing conversion
c:\program files (x86)\windows kits\8.1\include\um\directxmath.h(1717): warning C4838: conversion from 'unsigned int' to 'int32_t' requires a narrowing conversion
c:\program files (x86)\windows kits\8.1\include\um\directxmath.h(1718): warning C4838: conversion from 'unsigned int' to 'int32_t' requires a narrowing conversion
c:\program files (x86)\windows kits\8.1\include\um\directxmath.h(1719): warning C4838: conversion from 'unsigned int' to 'int32_t' requires a narrowing conversion
c:\program files (x86)\windows kits\8.1\include\um\directxmath.h(1720): warning C4838: conversion from 'unsigned int' to 'int32_t' requires a narrowing conversion
c:\program files (x86)\windows kits\8.1\include\um\directxmath.h(1744): warning C4838: conversion from 'unsigned int' to 'int32_t' requires a narrowing conversion
c:\program files (x86)\windows kits\8.1\include\um\directxmath.h(1745): warning C4838: conversion from 'unsigned int' to 'int32_t' requires a narrowing conversion
c:\program files (x86)\windows kits\8.1\include\um\directxmath.h(1746): warning C4838: conversion from 'unsigned int' to 'int32_t' requires a narrowing conversion
c:\program files (x86)\windows kits\8.1\include\um\directxmath.h(1749): warning C4838: conversion from 'unsigned int' to 'int32_t' requires a narrowing conversion
c:\program files (x86)\windows kits\8.1\include\um\directxmath.h(1750): warning C4838: conversion from 'unsigned int' to 'int32_t' requires a narrowing conversion
c:\program files (x86)\windows kits\8.1\include\um\directxmath.h(1753): warning C4838: conversion from 'unsigned int' to 'int32_t' requires a narrowing conversion
c:\program files (x86)\windows kits\8.1\include\um\directxmath.h(1757): warning C4838: conversion from 'unsigned int' to 'int32_t' requires a narrowing conversion
c:\program files (x86)\windows kits\8.1\include\um\directxmath.h(1767): warning C4838: conversion from 'const uint32_t' to 'int32_t' requires a narrowing conversion
c:\program files (x86)\windows kits\8.1\include\um\directxmath.h(1768): warning C4838: conversion from 'const uint32_t' to 'int32_t' requires a narrowing conversion
c:\program files (x86)\windows kits\8.1\include\um\directxmath.h(1770): warning C4838: conversion from 'const uint32_t' to 'int32_t' requires a narrowing conversion
c:\program files (x86)\windows kits\8.1\include\um\directxmath.h(1771): warning C4838: conversion from 'const uint32_t' to 'int32_t' requires a narrowing conversion
c:\program files (x86)\windows kits\8.1\include\um\directxmath.h(1772): warning C4838: conversion from 'const uint32_t' to 'int32_t' requires a narrowing conversion
c:\program files (x86)\windows kits\8.1\include\um\directxmath.h(1773): warning C4838: conversion from 'const uint32_t' to 'int32_t' requires a narrowing conversion
c:\program files (x86)\windows kits\8.1\include\um\directxmath.h(1776): warning C4838: conversion from 'unsigned int' to 'int32_t' requires a narrowing conversion
c:\program files (x86)\windows kits\8.1\include\um\directxmath.h(1777): warning C4838: conversion from 'unsigned int' to 'int32_t' requires a narrowing conversion
c:\program files (x86)\windows kits\8.1\include\um\directxmath.h(1778): warning C4838: conversion from 'unsigned int' to 'int32_t' requires a narrowing conversion
c:\program files (x86)\windows kits\8.1\include\um\directxmath.h(1779): warning C4838: conversion from 'unsigned int' to 'int32_t' requires a narrowing conversion
c:\program files (x86)\windows kits\8.1\include\um\directxmath.h(1780): warning C4838: conversion from 'unsigned int' to 'int32_t' requires a narrowing conversion
c:\program files (x86)\windows kits\8.1\include\um\directxmath.h(1781): warning C4838: conversion from 'unsigned int' to 'int32_t' requires a narrowing conversion
c:\program files (x86)\windows kits\8.1\include\um\directxmath.h(1787): warning C4838: conversion from 'unsigned int' to 'int32_t' requires a narrowing conversion
c:\program files (x86)\windows kits\8.1\include\um\directxmath.h(1801): warning C4838: conversion from 'unsigned int' to 'int32_t' requires a narrowing conversion
c:\program files (x86)\windows kits\8.1\include\um\directxmath.h(1802): warning C4838: conversion from 'unsigned int' to 'int32_t' requires a narrowing conversion
c:\program files (x86)\windows kits\8.1\include\um\directxmath.h(1804): warning C4838: conversion from 'unsigned int' to 'int32_t' requires a narrowing conversion
c:\program files (x86)\windows kits\8.1\include\um\directxmathmisc.inl(421): warning C4838: conversion from 'unsigned int' to 'int32_t' requires a narrowing conversion
c:\program files (x86)\windows kits\8.1\include\um\directxmathmisc.inl(422): warning C4838: conversion from 'unsigned int' to 'int32_t' requires a narrowing conversion
c:\program files (x86)\windows kits\8.1\include\um\directxcollision.inl(2553): warning C4838: conversion from 'const uint32_t' to 'int32_t' requires a narrowing conversion
c:\program files (x86)\windows kits\8.1\include\um\directxcollision.inl(2557): warning C4838: conversion from 'const uint32_t' to 'int32_t' requires a narrowing conversion
c:\program files (x86)\windows kits\8.1\include\um\directxcollision.inl(3371): warning C4838: conversion from 'const uint32_t' to 'int32_t' requires a narrowing conversion
c:\program files (x86)\windows kits\8.1\include\um\directxcollision.inl(3375): warning C4838: conversion from 'const uint32_t' to 'int32_t' requires a narrowing conversion
c:\program files (x86)\windows kits\8.1\include\um\directxcollision.inl(4432): warning C4838: conversion from 'const uint32_t' to 'int32_t' requires a narrowing conversion
c:\program files (x86)\windows kits\8.1\include\um\directxcollision.inl(4436): warning C4838: conversion from 'const uint32_t' to 'int32_t' requires a narrowing conversion
c:\program files (x86)\windows kits\8.1\include\um\directxcollision.inl(4440): warning C4838: conversion from 'const uint32_t' to 'int32_t' requires a narrowing conversion
c:\program files (x86)\windows kits\8.1\include\um\directxcollision.inl(4444): warning C4838: conversion from 'const uint32_t' to 'int32_t' requires a narrowing conversion
c:\program files (x86)\windows kits\8.1\include\um\directxcollision.inl(4448): warning C4838: conversion from 'const uint32_t' to 'int32_t' requires a narrowing conversion
c:\users\jonte\documents\visual studio 2017\projects\3dproject\3dproject\objimporter.hpp(294): warning C4244: 'argument': conversion from 'float' to 'unsigned int', possible loss of data
c:\users\jonte\documents\visual studio 2017\projects\3dproject\3dproject\objimporter.hpp(295): warning C4244: 'argument': conversion from 'float' to 'unsigned int', possible loss of data
c:\users\jonte\documents\visual studio 2017\projects\3dproject\3dproject\objimporter.hpp(295): warning C4244: '=': conversion from 'unsigned int' to 'float', possible loss of data
c:\users\jonte\documents\visual studio 2017\projects\3dproject\3dproject\objimporter.hpp(296): warning C4244: 'argument': conversion from 'float' to 'unsigned int', possible loss of data
c:\users\jonte\documents\visual studio 2017\projects\3dproject\3dproject\objimporter.hpp(297): warning C4244: 'argument': conversion from 'float' to 'unsigned int', possible loss of data
c:\users\jonte\documents\visual studio 2017\projects\3dproject\3dproject\objimporter.hpp(297): warning C4244: '=': conversion from 'unsigned int' to 'float', possible loss of data
c:\users\jonte\documents\visual studio 2017\projects\3dproject\3dproject\objimporter.hpp(298): warning C4244: 'argument': conversion from 'float' to 'unsigned int', possible loss of data
c:\users\jonte\documents\visual studio 2017\projects\3dproject\3dproject\objimporter.hpp(304): warning C4244: 'argument': conversion from 'float' to 'unsigned int', possible loss of data
c:\users\jonte\documents\visual studio 2017\projects\3dproject\3dproject\objimporter.hpp(305): warning C4244: 'argument': conversion from 'float' to 'unsigned int', possible loss of data
c:\users\jonte\documents\visual studio 2017\projects\3dproject\3dproject\objimporter.hpp(305): warning C4244: '=': conversion from 'unsigned int' to 'float', possible loss of data
c:\users\jonte\documents\visual studio 2017\projects\3dproject\3dproject\objimporter.hpp(306): warning C4244: 'argument': conversion from 'float' to 'unsigned int', possible loss of data
c:\users\jonte\documents\visual studio 2017\projects\3dproject\3dproject\objimporter.hpp(307): warning C4244: 'argument': conversion from 'float' to 'unsigned int', possible loss of data
c:\users\jonte\documents\visual studio 2017\projects\3dproject\3dproject\objimporter.hpp(307): warning C4244: '=': conversion from 'unsigned int' to 'float', possible loss of data
c:\users\jonte\documents\visual studio 2017\projects\3dproject\3dproject\objimporter.hpp(308): warning C4244: 'argument': conversion from 'float' to 'unsigned int', possible loss of data
c:\users\jonte\documents\visual studio 2017\projects\3dproject\3dproject\objimporter.hpp(314): warning C4244: 'argument': conversion from 'float' to 'unsigned int', possible loss of data
c:\users\jonte\documents\visual studio 2017\projects\3dproject\3dproject\objimporter.hpp(315): warning C4244: 'argument': conversion from 'float' to 'unsigned int', possible loss of data
c:\users\jonte\documents\visual studio 2017\projects\3dproject\3dproject\objimporter.hpp(315): warning C4244: '=': conversion from 'unsigned int' to 'float', possible loss of data
c:\users\jonte\documents\visual studio 2017\projects\3dproject\3dproject\objimporter.hpp(316): warning C4244: 'argument': conversion from 'float' to 'unsigned int', possible loss of data
c:\users\jonte\documents\visual studio 2017\projects\3dproject\3dproject\objimporter.hpp(317): warning C4244: 'argument': conversion from 'float' to 'unsigned int', possible loss of data
c:\users\jonte\documents\visual studio 2017\projects\3dproject\3dproject\objimporter.hpp(317): warning C4244: '=': conversion from 'unsigned int' to 'float', possible loss of data
c:\users\jonte\documents\visual studio 2017\projects\3dproject\3dproject\objimporter.hpp(318): warning C4244: 'argument': conversion from 'float' to 'unsigned int', possible loss of data
c:\users\jonte\documents\visual studio 2017\projects\3dproject\3dproject\objimporter.hpp(324): warning C4244: 'argument': conversion from 'float' to 'unsigned int', possible loss of data
c:\users\jonte\documents\visual studio 2017\projects\3dproject\3dproject\objimporter.hpp(325): warning C4244: 'argument': conversion from 'float' to 'unsigned int', possible loss of data
c:\users\jonte\documents\visual studio 2017\projects\3dproject\3dproject\objimporter.hpp(325): warning C4244: '=': conversion from 'unsigned int' to 'float', possible loss of data
c:\users\jonte\documents\visual studio 2017\projects\3dproject\3dproject\objimporter.hpp(326): warning C4244: 'argument': conversion from 'float' to 'unsigned int', possible loss of data
c:\users\jonte\documents\visual studio 2017\projects\3dproject\3dproject\objimporter.hpp(327): warning C4244: 'argument': conversion from 'float' to 'unsigned int', possible loss of data
c:\users\jonte\documents\visual studio 2017\projects\3dproject\3dproject\objimporter.hpp(327): warning C4244: '=': conversion from 'unsigned int' to 'float', possible loss of data
c:\users\jonte\documents\visual studio 2017\projects\3dproject\3dproject\objimporter.hpp(328): warning C4244: 'argument': conversion from 'float' to 'unsigned int', possible loss of data
c:\users\jonte\documents\visual studio 2017\projects\3dproject\3dproject\main.cpp(4): warning C4005: '_CRT_SECURE_NO_WARNINGS': macro redefinition
  c:\users\jonte\documents\visual studio 2017\projects\3dproject\3dproject\main.cpp(4): note: command-line arguments:  see previous definition of '_CRT_SECURE_NO_WARNINGS'
  Linker.cpp
c:\program files (x86)\windows kits\8.1\include\um\directxmath.h(1714): warning C4838: conversion from 'unsigned int' to 'int32_t' requires a narrowing conversion
c:\program files (x86)\windows kits\8.1\include\um\directxmath.h(1715): warning C4838: conversion from 'unsigned int' to 'int32_t' requires a narrowing conversion
c:\program files (x86)\windows kits\8.1\include\um\directxmath.h(1716): warning C4838: conversion from 'unsigned int' to 'int32_t' requires a narrowing conversion
c:\program files (x86)\windows kits\8.1\include\um\directxmath.h(1717): warning C4838: conversion from 'unsigned int' to 'int32_t' requires a narrowing conversion
c:\program files (x86)\windows kits\8.1\include\um\directxmath.h(1718): warning C4838: conversion from 'unsigned int' to 'int32_t' requires a narrowing conversion
c:\program files (x86)\windows kits\8.1\include\um\directxmath.h(1719): warning C4838: conversion from 'unsigned int' to 'int32_t' requires a narrowing conversion
c:\program files (x86)\windows kits\8.1\include\um\directxmath.h(1720): warning C4838: conversion from 'unsigned int' to 'int32_t' requires a narrowing conversion
c:\program files (x86)\windows kits\8.1\include\um\directxmath.h(1744): warning C4838: conversion from 'unsigned int' to 'int32_t' requires a narrowing conversion
c:\program files (x86)\windows kits\8.1\include\um\directxmath.h(1745): warning C4838: conversion from 'unsigned int' to 'int32_t' requires a narrowing conversion
c:\program files (x86)\windows kits\8.1\include\um\directxmath.h(1746): warning C4838: conversion from 'unsigned int' to 'int32_t' requires a narrowing conversion
c:\program files (x86)\windows kits\8.1\include\um\directxmath.h(1749): warning C4838: conversion from 'unsigned int' to 'int32_t' requires a narrowing conversion
c:\program files (x86)\windows kits\8.1\include\um\directxmath.h(1750): warning C4838: conversion from 'unsigned int' to 'int32_t' requires a narrowing conversion
c:\program files (x86)\windows kits\8.1\include\um\directxmath.h(1753): warning C4838: conversion from 'unsigned int' to 'int32_t' requires a narrowing conversion
c:\program files (x86)\windows kits\8.1\include\um\directxmath.h(1757): warning C4838: conversion from 'unsigned int' to 'int32_t' requires a narrowing conversion
c:\program files (x86)\windows kits\8.1\include\um\directxmath.h(1767): warning C4838: conversion from 'const uint32_t' to 'int32_t' requires a narrowing conversion
c:\program files (x86)\windows kits\8.1\include\um\directxmath.h(1768): warning C4838: conversion from 'const uint32_t' to 'int32_t' requires a narrowing conversion
c:\program files (x86)\windows kits\8.1\include\um\directxmath.h(1770): warning C4838: conversion from 'const uint32_t' to 'int32_t' requires a narrowing conversion
c:\program files (x86)\windows kits\8.1\include\um\directxmath.h(1771): warning C4838: conversion from 'const uint32_t' to 'int32_t' requires a narrowing conversion
c:\program files (x86)\windows kits\8.1\include\um\directxmath.h(1772): warning C4838: conversion from 'const uint32_t' to 'int32_t' requires a narrowing conversion
c:\program files (x86)\windows kits\8.1\include\um\directxmath.h(1773): warning C4838: conversion from 'const uint32_t' to 'int32_t' requires a narrowing conversion
c:\program files (x86)\windows kits\8.1\include\um\directxmath.h(1776): warning C4838: conversion from 'unsigned int' to 'int32_t' requires a narrowing conversion
c:\program files (x86)\windows kits\8.1\include\um\directxmath.h(1777): warning C4838: conversion from 'unsigned int' to 'int32_t' requires a narrowing conversion
c:\program files (x86)\windows kits\8.1\include\um\directxmath.h(1778): warning C4838: conversion from 'unsigned int' to 'int32_t' requires a narrowing conversion
c:\program files (x86)\windows kits\8.1\include\um\directxmath.h(1779): warning C4838: conversion from 'unsigned int' to 'int32_t' requires a narrowing conversion
c:\program files (x86)\windows kits\8.1\include\um\directxmath.h(1780): warning C4838: conversion from 'unsigned int' to 'int32_t' requires a narrowing conversion
c:\program files (x86)\windows kits\8.1\include\um\directxmath.h(1781): warning C4838: conversion from 'unsigned int' to 'int32_t' requires a narrowing conversion
c:\program files (x86)\windows kits\8.1\include\um\directxmath.h(1787): warning C4838: conversion from 'unsigned int' to 'int32_t' requires a narrowing conversion
c:\program files (x86)\windows kits\8.1\include\um\directxmath.h(1801): warning C4838: conversion from 'unsigned int' to 'int32_t' requires a narrowing conversion
c:\program files (x86)\windows kits\8.1\include\um\directxmath.h(1802): warning C4838: conversion from 'unsigned int' to 'int32_t' requires a narrowing conversion
c:\program files (x86)\windows kits\8.1\include\um\directxmath.h(1804): warning C4838: conversion from 'unsigned int' to 'int32_t' requires a narrowing conversion
c:\program files (x86)\windows kits\8.1\include\um\directxmathmisc.inl(421): warning C4838: conversion from 'unsigned int' to 'int32_t' requires a narrowing conversion
c:\program files (x86)\windows kits\8.1\include\um\directxmathmisc.inl(422): warning C4838: conversion from 'unsigned int' to 'int32_t' requires a narrowing conversion
c:\program files (x86)\windows kits\8.1\include\um\directxcollision.inl(2553): warning C4838: conversion from 'const uint32_t' to 'int32_t' requires a narrowing conversion
c:\program files (x86)\windows kits\8.1\include\um\directxcollision.inl(2557): warning C4838: conversion from 'const uint32_t' to 'int32_t' requires a narrowing conversion
c:\program files (x86)\windows kits\8.1\include\um\directxcollision.inl(3371): warning C4838: conversion from 'const uint32_t' to 'int32_t' requires a narrowing conversion
c:\program files (x86)\windows kits\8.1\include\um\directxcollision.inl(3375): warning C4838: conversion from 'const uint32_t' to 'int32_t' requires a narrowing conversion
c:\program files (x86)\windows kits\8.1\include\um\directxcollision.inl(4432): warning C4838: conversion from 'const uint32_t' to 'int32_t' requires a narrowing conversion
c:\program files (x86)\windows kits\8.1\include\um\directxcollision.inl(4436): warning C4838: conversion from 'const uint32_t' to 'int32_t' requires a narrowing conversion
c:\program files (x86)\windows kits\8.1\include\um\directxcollision.inl(4440): warning C4838: conversion from 'const uint32_t' to 'int32_t' requires a narrowing conversion
c:\program files (x86)\windows kits\8.1\include\um\directxcollision.inl(4444): warning C4838: conversion from 'const uint32_t' to 'int32_t' requires a narrowing conversion
c:\program files (x86)\windows kits\8.1\include\um\directxcollision.inl(4448): warning C4838: conversion from 'const uint32_t' to 'int32_t' requires a narrowing conversion
c:\users\jonte\documents\visual studio 2017\projects\3dproject\3dproject\objimporter.hpp(294): warning C4244: 'argument': conversion from 'float' to 'unsigned int', possible loss of data
c:\users\jonte\documents\visual studio 2017\projects\3dproject\3dproject\objimporter.hpp(295): warning C4244: 'argument': conversion from 'float' to 'unsigned int', possible loss of data
c:\users\jonte\documents\visual studio 2017\projects\3dproject\3dproject\objimporter.hpp(295): warning C4244: '=': conversion from 'unsigned int' to 'float', possible loss of data
c:\users\jonte\documents\visual studio 2017\projects\3dproject\3dproject\objimporter.hpp(296): warning C4244: 'argument': conversion from 'float' to 'unsigned int', possible loss of data
c:\users\jonte\documents\visual studio 2017\projects\3dproject\3dproject\objimporter.hpp(297): warning C4244: 'argument': conversion from 'float' to 'unsigned int', possible loss of data
c:\users\jonte\documents\visual studio 2017\projects\3dproject\3dproject\objimporter.hpp(297): warning C4244: '=': conversion from 'unsigned int' to 'float', possible loss of data
c:\users\jonte\documents\visual studio 2017\projects\3dproject\3dproject\objimporter.hpp(298): warning C4244: 'argument': conversion from 'float' to 'unsigned int', possible loss of data
c:\users\jonte\documents\visual studio 2017\projects\3dproject\3dproject\objimporter.hpp(304): warning C4244: 'argument': conversion from 'float' to 'unsigned int', possible loss of data
c:\users\jonte\documents\visual studio 2017\projects\3dproject\3dproject\objimporter.hpp(305): warning C4244: 'argument': conversion from 'float' to 'unsigned int', possible loss of data
c:\users\jonte\documents\visual studio 2017\projects\3dproject\3dproject\objimporter.hpp(305): warning C4244: '=': conversion from 'unsigned int' to 'float', possible loss of data
c:\users\jonte\documents\visual studio 2017\projects\3dproject\3dproject\objimporter.hpp(306): warning C4244: 'argument': conversion from 'float' to 'unsigned int', possible loss of data
c:\users\jonte\documents\visual studio 2017\projects\3dproject\3dproject\objimporter.hpp(307): warning C4244: 'argument': conversion from 'float' to 'unsigned int', possible loss of data
c:\users\jonte\documents\visual studio 2017\projects\3dproject\3dproject\objimporter.hpp(307): warning C4244: '=': conversion from 'unsigned int' to 'float', possible loss of data
c:\users\jonte\documents\visual studio 2017\projects\3dproject\3dproject\objimporter.hpp(308): warning C4244: 'argument': conversion from 'float' to 'unsigned int', possible loss of data
c:\users\jonte\documents\visual studio 2017\projects\3dproject\3dproject\objimporter.hpp(314): warning C4244: 'argument': conversion from 'float' to 'unsigned int', possible loss of data
c:\users\jonte\documents\visual studio 2017\projects\3dproject\3dproject\objimporter.hpp(315): warning C4244: 'argument': conversion from 'float' to 'unsigned int', possible loss of data
c:\users\jonte\documents\visual studio 2017\projects\3dproject\3dproject\objimporter.hpp(315): warning C4244: '=': conversion from 'unsigned int' to 'float', possible loss of data
c:\users\jonte\documents\visual studio 2017\projects\3dproject\3dproject\objimporter.hpp(316): warning C4244: 'argument': conversion from 'float' to 'unsigned int', possible loss of data
c:\users\jonte\documents\visual studio 2017\projects\3dproject\3dproject\objimporter.hpp(317): warning C4244: 'argument': conversion from 'float' to 'unsigned int', possible loss of data
c:\users\jonte\documents\visual studio 2017\projects\3dproject\3dproject\objimporter.hpp(317): warning C4244: '=': conversion from 'unsigned int' to 'float', possible loss of data
c:\users\jonte\documents\visual studio 2017\projects\3dproject\3dproject\objimporter.hpp(318): warning C4244: 'argument': conversion from 'float' to 'unsigned int', possible loss of data
c:\users\jonte\documents\visual studio 2017\projects\3dproject\3dproject\objimporter.hpp(324): warning C4244: 'argument': conversion from 'float' to 'unsigned int', possible loss of data
c:\users\jonte\documents\visual studio 2017\projects\3dproject\3dproject\objimporter.hpp(325): warning C4244: 'argument': conversion from 'float' to 'unsigned int', possible loss of data
c:\users\jonte\documents\visual studio 2017\projects\3dproject\3dproject\objimporter.hpp(325): warning C4244: '=': conversion from 'unsigned int' to 'float', possible loss of data
c:\users\jonte\documents\visual studio 2017\projects\3dproject\3dproject\objimporter.hpp(326): warning C4244: 'argument': conversion from 'float' to 'unsigned int', possible loss of data
c:\users\jonte\documents\visual studio 2017\projects\3dproject\3dproject\objimporter.hpp(327): warning C4244: 'argument': conversion from 'float' to 'unsigned int', possible loss of data
c:\users\jonte\documents\visual studio 2017\projects\3dproject\3dproject\objimporter.hpp(327): warning C4244: '=': conversion from 'unsigned int' to 'float', possible loss of data
c:\users\jonte\documents\visual studio 2017\projects\3dproject\3dproject\objimporter.hpp(328): warning C4244: 'argument': conversion from 'float' to 'unsigned int', possible loss of data
  Generating Code...
  Compiling...
  DirectX.cpp
c:\program files (x86)\windows kits\8.1\include\um\directxmath.h(1714): warning C4838: conversion from 'unsigned int' to 'int32_t' requires a narrowing conversion
c:\program files (x86)\windows kits\8.1\include\um\directxmath.h(1715): warning C4838: conversion from 'unsigned int' to 'int32_t' requires a narrowing conversion
c:\program files (x86)\windows kits\8.1\include\um\directxmath.h(1716): warning C4838: conversion from 'unsigned int' to 'int32_t' requires a narrowing conversion
c:\program files (x86)\windows kits\8.1\include\um\directxmath.h(1717): warning C4838: conversion from 'unsigned int' to 'int32_t' requires a narrowing conversion
c:\program files (x86)\windows kits\8.1\include\um\directxmath.h(1718): warning C4838: conversion from 'unsigned int' to 'int32_t' requires a narrowing conversion
c:\program files (x86)\windows kits\8.1\include\um\directxmath.h(1719): warning C4838: conversion from 'unsigned int' to 'int32_t' requires a narrowing conversion
c:\program files (x86)\windows kits\8.1\include\um\directxmath.h(1720): warning C4838: conversion from 'unsigned int' to 'int32_t' requires a narrowing conversion
c:\program files (x86)\windows kits\8.1\include\um\directxmath.h(1744): warning C4838: conversion from 'unsigned int' to 'int32_t' requires a narrowing conversion
c:\program files (x86)\windows kits\8.1\include\um\directxmath.h(1745): warning C4838: conversion from 'unsigned int' to 'int32_t' requires a narrowing conversion
c:\program files (x86)\windows kits\8.1\include\um\directxmath.h(1746): warning C4838: conversion from 'unsigned int' to 'int32_t' requires a narrowing conversion
c:\program files (x86)\windows kits\8.1\include\um\directxmath.h(1749): warning C4838: conversion from 'unsigned int' to 'int32_t' requires a narrowing conversion
c:\program files (x86)\windows kits\8.1\include\um\directxmath.h(1750): warning C4838: conversion from 'unsigned int' to 'int32_t' requires a narrowing conversion
c:\program files (x86)\windows kits\8.1\include\um\directxmath.h(1753): warning C4838: conversion from 'unsigned int' to 'int32_t' requires a narrowing conversion
c:\program files (x86)\windows kits\8.1\include\um\directxmath.h(1757): warning C4838: conversion from 'unsigned int' to 'int32_t' requires a narrowing conversion
c:\program files (x86)\windows kits\8.1\include\um\directxmath.h(1767): warning C4838: conversion from 'const uint32_t' to 'int32_t' requires a narrowing conversion
c:\program files (x86)\windows kits\8.1\include\um\directxmath.h(1768): warning C4838: conversion from 'const uint32_t' to 'int32_t' requires a narrowing conversion
c:\program files (x86)\windows kits\8.1\include\um\directxmath.h(1770): warning C4838: conversion from 'const uint32_t' to 'int32_t' requires a narrowing conversion
c:\program files (x86)\windows kits\8.1\include\um\directxmath.h(1771): warning C4838: conversion from 'const uint32_t' to 'int32_t' requires a narrowing conversion
c:\program files (x86)\windows kits\8.1\include\um\directxmath.h(1772): warning C4838: conversion from 'const uint32_t' to 'int32_t' requires a narrowing conversion
c:\program files (x86)\windows kits\8.1\include\um\directxmath.h(1773): warning C4838: conversion from 'const uint32_t' to 'int32_t' requires a narrowing conversion
c:\program files (x86)\windows kits\8.1\include\um\directxmath.h(1776): warning C4838: conversion from 'unsigned int' to 'int32_t' requires a narrowing conversion
c:\program files (x86)\windows kits\8.1\include\um\directxmath.h(1777): warning C4838: conversion from 'unsigned int' to 'int32_t' requires a narrowing conversion
c:\program files (x86)\windows kits\8.1\include\um\directxmath.h(1778): warning C4838: conversion from 'unsigned int' to 'int32_t' requires a narrowing conversion
c:\program files (x86)\windows kits\8.1\include\um\directxmath.h(1779): warning C4838: conversion from 'unsigned int' to 'int32_t' requires a narrowing conversion
c:\program files (x86)\windows kits\8.1\include\um\directxmath.h(1780): warning C4838: conversion from 'unsigned int' to 'int32_t' requires a narrowing conversion
c:\program files (x86)\windows kits\8.1\include\um\directxmath.h(1781): warning C4838: conversion from 'unsigned int' to 'int32_t' requires a narrowing conversion
c:\program files (x86)\windows kits\8.1\include\um\directxmath.h(1787): warning C4838: conversion from 'unsigned int' to 'int32_t' requires a narrowing conversion
c:\program files (x86)\windows kits\8.1\include\um\directxmath.h(1801): warning C4838: conversion from 'unsigned int' to 'int32_t' requires a narrowing conversion
c:\program files (x86)\windows kits\8.1\include\um\directxmath.h(1802): warning C4838: conversion from 'unsigned int' to 'int32_t' requires a narrowing conversion
c:\program files (x86)\windows kits\8.1\include\um\directxmath.h(1804): warning C4838: conversion from 'unsigned int' to 'int32_t' requires a narrowing conversion
c:\program files (x86)\windows kits\8.1\include\um\directxmathmisc.inl(421): warning C4838: conversion from 'unsigned int' to 'int32_t' requires a narrowing conversion
c:\program files (x86)\windows kits\8.1\include\um\directxmathmisc.inl(422): warning C4838: conversion from 'unsigned int' to 'int32_t' requires a narrowing conversion
c:\program files (x86)\windows kits\8.1\include\um\directxcollision.inl(2553): warning C4838: conversion from 'const uint32_t' to 'int32_t' requires a narrowing conversion
c:\program files (x86)\windows kits\8.1\include\um\directxcollision.inl(2557): warning C4838: conversion from 'const uint32_t' to 'int32_t' requires a narrowing conversion
c:\program files (x86)\windows kits\8.1\include\um\directxcollision.inl(3371): warning C4838: conversion from 'const uint32_t' to 'int32_t' requires a narrowing conversion
c:\program files (x86)\windows kits\8.1\include\um\directxcollision.inl(3375): warning C4838: conversion from 'const uint32_t' to 'int32_t' requires a narrowing conversion
c:\program files (x86)\windows kits\8.1\include\um\directxcollision.inl(4432): warning C4838: conversion from 'const uint32_t' to 'int32_t' requires a narrowing conversion
c:\program files (x86)\windows kits\8.1\include\um\directxcollision.inl(4436): warning C4838: conversion from 'const uint32_t' to 'int32_t' requires a narrowing conversion
c:\program files (x86)\windows kits\8.1\include\um\directxcollision.inl(4440): warning C4838: conversion from 'const uint32_t' to 'int32_t' requires a narrowing conversion
c:\program files (x86)\windows kits\8.1\include\um\directxcollision.inl(4444): warning C4838: conversion from 'const uint32_t' to 'int32_t' requires a narrowing conversion
c:\program files (x86)\windows kits\8.1\include\um\directxcollision.inl(4448): warning C4838: conversion from 'const uint32_t' to 'int32_t' requires a narrowing conversion
c:\users\jonte\documents\visual studio 2017\projects\3dproject\3dproject\objimporter.hpp(294): warning C4244: 'argument': conversion from 'float' to 'unsigned int', possible loss of data
c:\users\jonte\documents\visual studio 2017\projects\3dproject\3dproject\objimporter.hpp(295): warning C4244: 'argument': conversion from 'float' to 'unsigned int', possible loss of data
c:\users\jonte\documents\visual studio 2017\projects\3dproject\3dproject\objimporter.hpp(295): warning C4244: '=': conversion from 'unsigned int' to 'float', possible loss of data
c:\users\jonte\documents\visual studio 2017\projects\3dproject\3dproject\objimporter.hpp(296): warning C4244: 'argument': conversion from 'float' to 'unsigned int', possible loss of data
c:\users\jonte\documents\visual studio 2017\projects\3dproject\3dproject\objimporter.hpp(297): warning C4244: 'argument': conversion from 'float' to 'unsigned int', possible loss of data
c:\users\jonte\documents\visual studio 2017\projects\3dproject\3dproject\objimporter.hpp(297): warning C4244: '=': conversion from 'unsigned int' to 'float', possible loss of data
c:\users\jonte\documents\visual studio 2017\projects\3dproject\3dproject\objimporter.hpp(298): warning C4244: 'argument': conversion from 'float' to 'unsigned int', possible loss of data
c:\users\jonte\documents\visual studio 2017\projects\3dproject\3dproject\objimporter.hpp(304): warning C4244: 'argument': conversion from 'float' to 'unsigned int', possible loss of data
c:\users\jonte\documents\visual studio 2017\projects\3dproject\3dproject\objimporter.hpp(305): warning C4244: 'argument': conversion from 'float' to 'unsigned int', possible loss of data
c:\users\jonte\documents\visual studio 2017\projects\3dproject\3dproject\objimporter.hpp(305): warning C4244: '=': conversion from 'unsigned int' to 'float', possible loss of data
c:\users\jonte\documents\visual studio 2017\projects\3dproject\3dproject\objimporter.hpp(306): warning C4244: 'argument': conversion from 'float' to 'unsigned int', possible loss of data
c:\users\jonte\documents\visual studio 2017\projects\3dproject\3dproject\objimporter.hpp(307): warning C4244: 'argument': conversion from 'float' to 'unsigned int', possible loss of data
c:\users\jonte\documents\visual studio 2017\projects\3dproject\3dproject\objimporter.hpp(307): warning C4244: '=': conversion from 'unsigned int' to 'float', possible loss of data
c:\users\jonte\documents\visual studio 2017\projects\3dproject\3dproject\objimporter.hpp(308): warning C4244: 'argument': conversion from 'float' to 'unsigned int', possible loss of data
c:\users\jonte\documents\visual studio 2017\projects\3dproject\3dproject\objimporter.hpp(314): warning C4244: 'argument': conversion from 'float' to 'unsigned int', possible loss of data
c:\users\jonte\documents\visual studio 2017\projects\3dproject\3dproject\objimporter.hpp(315): warning C4244: 'argument': conversion from 'float' to 'unsigned int', possible loss of data
c:\users\jonte\documents\visual studio 2017\projects\3dproject\3dproject\objimporter.hpp(315): warning C4244: '=': conversion from 'unsigned int' to 'float', possible loss of data
c:\users\jonte\documents\visual studio 2017\projects\3dproject\3dproject\objimporter.hpp(316): warning C4244: 'argument': conversion from 'float' to 'unsigned int', possible loss of data
c:\users\jonte\documents\visual studio 2017\projects\3dproject\3dproject\objimporter.hpp(317): warning C4244: 'argument': conversion from 'float' to 'unsigned int', possible loss of data
c:\users\jonte\documents\visual studio 2017\projects\3dproject\3dproject\objimporter.hpp(317): warning C4244: '=': conversion from 'unsigned int' to 'float', possible loss of data
c:\users\jonte\documents\visual studio 2017\projects\3dproject\3dproject\objimporter.hpp(318): warning C4244: 'argument': conversion from 'float' to 'unsigned int', possible loss of data
c:\users\jonte\documents\visual studio 2017\projects\3dproject\3dproject\objimporter.hpp(324): warning C4244: 'argument': conversion from 'float' to 'unsigned int', possible loss of data
c:\users\jonte\documents\visual studio 2017\projects\3dproject\3dproject\objimporter.hpp(325): warning C4244: 'argument': conversion from 'float' to 'unsigned int', possible loss of data
c:\users\jonte\documents\visual studio 2017\projects\3dproject\3dproject\objimporter.hpp(325): warning C4244: '=': conversion from 'unsigned int' to 'float', possible loss of data
c:\users\jonte\documents\visual studio 2017\projects\3dproject\3dproject\objimporter.hpp(326): warning C4244: 'argument': conversion from 'float' to 'unsigned int', possible loss of data
c:\users\jonte\documents\visual studio 2017\projects\3dproject\3dproject\objimporter.hpp(327): warning C4244: 'argument': conversion from 'float' to 'unsigned int', possible loss of data
c:\users\jonte\documents\visual studio 2017\projects\3dproject\3dproject\objimporter.hpp(327): warning C4244: '=': conversion from 'unsigned int' to 'float', possible loss of data
c:\users\jonte\documents\visual studio 2017\projects\3dproject\3dproject\objimporter.hpp(328): warning C4244: 'argument': conversion from 'float' to 'unsigned int', possible loss of data
  Generating Code...
  3DProject.vcxproj -> C:\Users\jonte\documents\visual studio 2017\Projects\3DProject\Debug\3DProject.exe
  3DProject.vcxproj -> C:\Users\jonte\documents\visual studio 2017\Projects\3DProject\Debug\3DProject.pdb (Partial PDB)
